{"level":"info","message":"Database connected successfully!","service":"user-service"}
{"level":"info","message":"Example app listening on port 5000","service":"user-service"}
{"level":"info","message":"Database connected successfully!","service":"user-service"}
{"level":"info","message":"Example app listening on port 5000","service":"user-service"}
{"level":"info","message":"Database connected successfully!","service":"user-service"}
{"level":"info","message":"Example app listening on port 5000","service":"user-service"}
{"level":"info","message":"Database connected successfully!","service":"user-service"}
{"level":"info","message":"Example app listening on port 5000","service":"user-service"}
{
  message: 'Database connected successfully!',
  level: 'info',
  service: 'user-service',
  label: 'right meow!',
  timestamp: '2023-06-03T18:39:27.491Z'
}
{
  message: 'Example app listening on port 5000',
  level: 'info',
  service: 'user-service',
  label: 'right meow!',
  timestamp: '2023-06-03T18:39:27.515Z'
}
2023-06-03T18:39:54.901Z [right meow!] info: Database connected successfully!
2023-06-03T18:39:54.909Z [right meow!] info: Example app listening on port 5000
2023-06-03T18:42:07.845Z info: Database connected successfully!
2023-06-03T18:42:07.855Z info: Example app listening on port 5000
2023-06-03T18:42:25.423Z info: Database connected successfully!
2023-06-03T18:42:25.430Z info: Example app listening on port 5000
2023-06-03T18:42:59.015Z info: Database connected successfully!
2023-06-03T18:42:59.042Z info: Example app listening on port 5000
2023-06-03T18:46:20.214Z info: Database connected successfully!
2023-06-03T18:46:20.223Z info: Example app listening on port 5000
Sun Jun 04 2023 00:47:15 GMT+0600 (Bangladesh Standard Time)0:47:47 info: Database connected successfully!
Sun Jun 04 2023 00:47:15 GMT+0600 (Bangladesh Standard Time)0:47:47 info: Example app listening on port 5000
Sun Jun 04 2023 00:50:31 GMT+0600 (Bangladesh Standard Time)0:50:50 info: Database connected successfully!
Sun Jun 04 2023 00:50:31 GMT+0600 (Bangladesh Standard Time)0:50:50 info: Example app listening on port 5000
Sun Jun 04 2023 00:51:25 GMT+0600 (Bangladesh Standard Time)0:51:51 info: Database connected successfully!
Sun Jun 04 2023 00:51:25 GMT+0600 (Bangladesh Standard Time)0:51:51 info: Example app listening on port 5000
Sun Jun 04 2023 00:51:54 GMT+0600 (Bangladesh Standard Time)0:51:51 info: Database connected successfully!
Sun Jun 04 2023 00:51:54 GMT+0600 (Bangladesh Standard Time)0:51:51 info: Example app listening on port 5000
